This file contains any messages produced by compilers while
running configure, to aid debugging if configure makes a mistake.

It was created by cyclone configure 1.0, which was
generated by GNU Autoconf 2.61.  Invocation command line was

  $ ./configure 

## --------- ##
## Platform. ##
## --------- ##

hostname = box
uname -m = i686
uname -r = 2.6.26-2-686
uname -s = Linux
uname -v = #1 SMP Tue Mar 9 17:35:51 UTC 2010

/usr/bin/uname -p = unknown
/bin/uname -X     = unknown

/bin/arch              = unknown
/usr/bin/arch -k       = unknown
/usr/convex/getsysinfo = unknown
/usr/bin/hostinfo      = unknown
/bin/machine           = unknown
/usr/bin/oslevel       = unknown
/bin/universe          = unknown

PATH: /usr/local/sbin
PATH: /usr/local/bin
PATH: /usr/sbin
PATH: /usr/bin
PATH: /sbin
PATH: /bin


## ----------- ##
## Core tests. ##
## ----------- ##

configure:1762: checking build system type
configure:1780: result: i686-pc-linux-gnu
configure:1802: checking host system type
configure:1817: result: i686-pc-linux-gnu
configure:1839: checking target system type
configure:1854: result: i686-pc-linux-gnu
configure:1974: checking for gcc
configure:1990: found /usr/bin/gcc
configure:2001: result: gcc
configure:2037: checking for C compiler version
configure:2044: gcc --version >&5
gcc (Debian 4.3.2-1.1) 4.3.2
Copyright (C) 2008 Free Software Foundation, Inc.
This is free software; see the source for copying conditions.  There is NO
warranty; not even for MERCHANTABILITY or FITNESS FOR A PARTICULAR PURPOSE.

configure:2047: $? = 0
configure:2054: gcc -v >&5
Using built-in specs.
Target: i486-linux-gnu
Configured with: ../src/configure -v --with-pkgversion='Debian 4.3.2-1.1' --with-bugurl=file:///usr/share/doc/gcc-4.3/README.Bugs --enable-languages=c,c++,fortran,objc,obj-c++ --prefix=/usr --enable-shared --with-system-zlib --libexecdir=/usr/lib --without-included-gettext --enable-threads=posix --enable-nls --with-gxx-include-dir=/usr/include/c++/4.3 --program-suffix=-4.3 --enable-clocale=gnu --enable-libstdcxx-debug --enable-objc-gc --enable-mpfr --enable-targets=all --enable-cld --enable-checking=release --build=i486-linux-gnu --host=i486-linux-gnu --target=i486-linux-gnu
Thread model: posix
gcc version 4.3.2 (Debian 4.3.2-1.1) 
configure:2057: $? = 0
configure:2064: gcc -V >&5
gcc: '-V' option must have argument
configure:2067: $? = 1
configure:2090: checking for C compiler default output file name
configure:2117: gcc    conftest.c  >&5
configure:2120: $? = 0
configure:2158: result: a.out
configure:2175: checking whether the C compiler works
configure:2185: ./a.out
configure:2188: $? = 0
configure:2205: result: yes
configure:2212: checking whether we are cross compiling
configure:2214: result: no
configure:2217: checking for suffix of executables
configure:2224: gcc -o conftest    conftest.c  >&5
configure:2227: $? = 0
configure:2251: result: 
configure:2257: checking for suffix of object files
configure:2283: gcc -c   conftest.c >&5
configure:2286: $? = 0
configure:2309: result: o
configure:2313: checking whether we are using the GNU C compiler
configure:2342: gcc -c   conftest.c >&5
configure:2348: $? = 0
configure:2365: result: yes
configure:2370: checking whether gcc accepts -g
configure:2400: gcc -c -g  conftest.c >&5
configure:2406: $? = 0
configure:2505: result: yes
configure:2522: checking for gcc option to accept ISO C89
configure:2596: gcc  -c   conftest.c >&5
configure:2602: $? = 0
configure:2625: result: none needed
configure:2711: checking how to run the C preprocessor
configure:2751: gcc -E  conftest.c
configure:2757: $? = 0
configure:2788: gcc -E  conftest.c
conftest.c:8:28: error: ac_nonexistent.h: No such file or directory
configure:2794: $? = 1
configure: failed program was:
| /* confdefs.h.  */
| #define PACKAGE_NAME "cyclone"
| #define PACKAGE_TARNAME "-cyclone-"
| #define PACKAGE_VERSION "1.0"
| #define PACKAGE_STRING "cyclone 1.0"
| #define PACKAGE_BUGREPORT "cyclone-bugs-l@lists.cs.cornell.edu"
| /* end confdefs.h.  */
| #include <ac_nonexistent.h>
configure:2827: result: gcc -E
configure:2856: gcc -E  conftest.c
configure:2862: $? = 0
configure:2893: gcc -E  conftest.c
conftest.c:8:28: error: ac_nonexistent.h: No such file or directory
configure:2899: $? = 1
configure: failed program was:
| /* confdefs.h.  */
| #define PACKAGE_NAME "cyclone"
| #define PACKAGE_TARNAME "-cyclone-"
| #define PACKAGE_VERSION "1.0"
| #define PACKAGE_STRING "cyclone 1.0"
| #define PACKAGE_BUGREPORT "cyclone-bugs-l@lists.cs.cornell.edu"
| /* end confdefs.h.  */
| #include <ac_nonexistent.h>
configure:2937: checking for grep that handles long lines and -e
configure:3011: result: /bin/grep
configure:3016: checking for egrep
configure:3094: result: /bin/grep -E
configure:3099: checking for ANSI C header files
configure:3129: gcc -c -march=i686  conftest.c >&5
configure:3135: $? = 0
configure:3234: gcc -o conftest -march=i686   conftest.c  >&5
configure:3237: $? = 0
configure:3243: ./conftest
configure:3246: $? = 0
configure:3263: result: yes
configure:3287: checking for sys/types.h
configure:3308: gcc -c -march=i686  conftest.c >&5
configure:3314: $? = 0
configure:3330: result: yes
configure:3287: checking for sys/stat.h
configure:3308: gcc -c -march=i686  conftest.c >&5
configure:3314: $? = 0
configure:3330: result: yes
configure:3287: checking for stdlib.h
configure:3308: gcc -c -march=i686  conftest.c >&5
configure:3314: $? = 0
configure:3330: result: yes
configure:3287: checking for string.h
configure:3308: gcc -c -march=i686  conftest.c >&5
configure:3314: $? = 0
configure:3330: result: yes
configure:3287: checking for memory.h
configure:3308: gcc -c -march=i686  conftest.c >&5
configure:3314: $? = 0
configure:3330: result: yes
configure:3287: checking for strings.h
configure:3308: gcc -c -march=i686  conftest.c >&5
configure:3314: $? = 0
configure:3330: result: yes
configure:3287: checking for inttypes.h
configure:3308: gcc -c -march=i686  conftest.c >&5
configure:3314: $? = 0
configure:3330: result: yes
configure:3287: checking for stdint.h
configure:3308: gcc -c -march=i686  conftest.c >&5
configure:3314: $? = 0
configure:3330: result: yes
configure:3287: checking for unistd.h
configure:3308: gcc -c -march=i686  conftest.c >&5
configure:3314: $? = 0
configure:3330: result: yes
configure:3342: checking for char
configure:3372: gcc -c -march=i686  conftest.c >&5
configure:3378: $? = 0
configure:3393: result: yes
configure:3400: checking size of char
configure:3702: gcc -o conftest -march=i686   conftest.c  >&5
configure:3705: $? = 0
configure:3711: ./conftest
configure:3714: $? = 0
configure:3737: result: 1
configure:3751: checking for short
configure:3781: gcc -c -march=i686  conftest.c >&5
configure:3787: $? = 0
configure:3802: result: yes
configure:3809: checking size of short
configure:4111: gcc -o conftest -march=i686   conftest.c  >&5
configure:4114: $? = 0
configure:4120: ./conftest
configure:4123: $? = 0
configure:4146: result: 2
configure:4160: checking for int
configure:4190: gcc -c -march=i686  conftest.c >&5
configure:4196: $? = 0
configure:4211: result: yes
configure:4218: checking size of int
configure:4520: gcc -o conftest -march=i686   conftest.c  >&5
configure:4523: $? = 0
configure:4529: ./conftest
configure:4532: $? = 0
configure:4555: result: 4
configure:4569: checking for long
configure:4599: gcc -c -march=i686  conftest.c >&5
configure:4605: $? = 0
configure:4620: result: yes
configure:4627: checking size of long
configure:4929: gcc -o conftest -march=i686   conftest.c  >&5
configure:4932: $? = 0
configure:4938: ./conftest
configure:4941: $? = 0
configure:4964: result: 4
configure:4978: checking for long long
configure:5008: gcc -c -march=i686  conftest.c >&5
configure:5014: $? = 0
configure:5029: result: yes
configure:5036: checking size of long long
configure:5338: gcc -o conftest -march=i686   conftest.c  >&5
configure:5341: $? = 0
configure:5347: ./conftest
configure:5350: $? = 0
configure:5373: result: 8
configure:5387: checking for void *
configure:5417: gcc -c -march=i686  conftest.c >&5
configure:5423: $? = 0
configure:5438: result: yes
configure:5445: checking size of void *
configure:5747: gcc -o conftest -march=i686   conftest.c  >&5
configure:5750: $? = 0
configure:5756: ./conftest
configure:5759: $? = 0
configure:5782: result: 4
configure:5798: checking for wchar_t
configure:5828: gcc -c -march=i686  conftest.c >&5
configure:5834: $? = 0
configure:5849: result: yes
configure:5856: checking size of wchar_t
configure:6158: gcc -o conftest -march=i686   conftest.c  >&5
configure:6161: $? = 0
configure:6167: ./conftest
configure:6170: $? = 0
configure:6193: result: 4
configure:6205: checking whether wchar_t is unsigned
configure:6233: gcc -c -march=i686  conftest.c >&5
configure:6239: $? = 0
configure:6254: result: no
configure:6269: checking for pthread_key_t
configure:6300: gcc -c -march=i686  conftest.c >&5
configure:6306: $? = 0
configure:6321: result: yes
configure:6338: checking for /usr/lib/libpcre.a
configure:6353: result: no
configure:6359: checking for /usr/local/lib/libpcre.a
configure:6374: result: no
configure:6391: checking for /usr/lib/libsqlite3.a
configure:6406: result: no
configure:6412: checking for /usr/local/lib/libsqlite3.a
configure:6427: result: no
configure:6444: checking for /usr/lib/libssl.a
configure:6459: result: no
configure:6465: checking for /usr/local/lib/libssl.a
configure:6480: result: no
configure:6496: checking whether make sets $(MAKE)
configure:6517: result: yes
configure:6569: checking for ranlib
configure:6585: found /usr/bin/ranlib
configure:6596: result: ranlib
configure:6759: creating ./config.status

## ---------------------- ##
## Running config.status. ##
## ---------------------- ##

This file was extended by cyclone config.status 1.0, which was
generated by GNU Autoconf 2.61.  Invocation command line was

  CONFIG_FILES    = 
  CONFIG_HEADERS  = 
  CONFIG_LINKS    = 
  CONFIG_COMMANDS = 
  $ ./config.status 

on box

config.status:603: creating Makefile.inc

## ---------------- ##
## Cache variables. ##
## ---------------- ##

ac_cv_build=i686-pc-linux-gnu
ac_cv_c_compiler_gnu=yes
ac_cv_c_wchar_t_unsigned=no
ac_cv_env_CC_set=
ac_cv_env_CC_value=
ac_cv_env_CFLAGS_set=
ac_cv_env_CFLAGS_value=
ac_cv_env_CPPFLAGS_set=
ac_cv_env_CPPFLAGS_value=
ac_cv_env_CPP_set=
ac_cv_env_CPP_value=
ac_cv_env_LDFLAGS_set=
ac_cv_env_LDFLAGS_value=
ac_cv_env_LIBS_set=
ac_cv_env_LIBS_value=
ac_cv_env_build_alias_set=
ac_cv_env_build_alias_value=
ac_cv_env_host_alias_set=
ac_cv_env_host_alias_value=
ac_cv_env_target_alias_set=
ac_cv_env_target_alias_value=
ac_cv_file__usr_lib_libpcre_a=no
ac_cv_file__usr_lib_libsqlite3_a=no
ac_cv_file__usr_lib_libssl_a=no
ac_cv_file__usr_local_lib_libpcre_a=no
ac_cv_file__usr_local_lib_libsqlite3_a=no
ac_cv_file__usr_local_lib_libssl_a=no
ac_cv_header_inttypes_h=yes
ac_cv_header_memory_h=yes
ac_cv_header_stdc=yes
ac_cv_header_stdint_h=yes
ac_cv_header_stdlib_h=yes
ac_cv_header_string_h=yes
ac_cv_header_strings_h=yes
ac_cv_header_sys_stat_h=yes
ac_cv_header_sys_types_h=yes
ac_cv_header_unistd_h=yes
ac_cv_host=i686-pc-linux-gnu
ac_cv_objext=o
ac_cv_path_EGREP='/bin/grep -E'
ac_cv_path_GREP=/bin/grep
ac_cv_prog_CPP='gcc -E'
ac_cv_prog_ac_ct_CC=gcc
ac_cv_prog_ac_ct_RANLIB=ranlib
ac_cv_prog_cc_c89=
ac_cv_prog_cc_g=yes
ac_cv_prog_make_make_set=yes
ac_cv_pthreads=pthreads
ac_cv_sizeof_char=1
ac_cv_sizeof_int=4
ac_cv_sizeof_long=4
ac_cv_sizeof_long_long=8
ac_cv_sizeof_short=2
ac_cv_sizeof_void_p=4
ac_cv_sizeof_wchar_t=4
ac_cv_target=i686-pc-linux-gnu
ac_cv_type_char=yes
ac_cv_type_int=yes
ac_cv_type_long=yes
ac_cv_type_long_long=yes
ac_cv_type_pthread_key_t=yes
ac_cv_type_short=yes
ac_cv_type_void_p=yes
ac_cv_type_wchar_t=yes

## ----------------- ##
## Output variables. ##
## ----------------- ##

CC='gcc'
CFLAGS='-march=i686'
CPP='gcc -E'
CPPFLAGS=''
DEFS='-DPACKAGE_NAME=\"cyclone\" -DPACKAGE_TARNAME=\"-cyclone-\" -DPACKAGE_VERSION=\"1.0\" -DPACKAGE_STRING=\"cyclone\ 1.0\" -DPACKAGE_BUGREPORT=\"cyclone-bugs-l@lists.cs.cornell.edu\" -DSTDC_HEADERS=1 -DHAVE_SYS_TYPES_H=1 -DHAVE_SYS_STAT_H=1 -DHAVE_STDLIB_H=1 -DHAVE_STRING_H=1 -DHAVE_MEMORY_H=1 -DHAVE_STRINGS_H=1 -DHAVE_INTTYPES_H=1 -DHAVE_STDINT_H=1 -DHAVE_UNISTD_H=1 -DSIZEOF_CHAR=1 -DSIZEOF_SHORT=2 -DSIZEOF_INT=4 -DSIZEOF_LONG=4 -DSIZEOF_LONG_LONG=8 -DSIZEOF_VOID_P=4 -DSIZEOF_WCHAR_T=4'
ECHO_C=''
ECHO_N='-n'
ECHO_T=''
EGREP='/bin/grep -E'
EXEEXT=''
GREP='/bin/grep'
HAVE_PCRE='no'
HAVE_PTHREAD='yes'
HAVE_SQLITE3='no'
HAVE_SSL='no'
LDFLAGS=''
LIBOBJS=''
LIBPCRE=''
LIBS=''
LIBSQLITE3=''
LIBSSL=''
LTLIBOBJS=''
OBJEXT='o'
PACKAGE_BUGREPORT='cyclone-bugs-l@lists.cs.cornell.edu'
PACKAGE_NAME='cyclone'
PACKAGE_STRING='cyclone 1.0'
PACKAGE_TARNAME='-cyclone-'
PACKAGE_VERSION='1.0'
PATH_SEPARATOR=':'
RANLIB='ranlib'
SET_MAKE=''
SHELL='/bin/sh'
TARGET_AR='ar'
TARGET_CC='gcc -b i686-pc-linux-gnu'
TARGET_CFLAGS='-march=i686'
TARGET_LDFLAGS=''
TARGET_RANLIB='ranlib'
WCHAR_T_UNSIGNED='0'
abs_srcdir='/home/user/590/cyclonesvn'
ac_ct_CC='gcc'
ac_cv_sizeof_wchar_t='4'
bindir='${exec_prefix}/bin'
build='i686-pc-linux-gnu'
build_alias=''
build_cpu='i686'
build_os='linux-gnu'
build_vendor='pc'
datadir='${datarootdir}'
datarootdir='${prefix}/share'
docdir='${datarootdir}/doc/${PACKAGE_TARNAME}'
dvidir='${docdir}'
exec_prefix='${prefix}'
host='i686-pc-linux-gnu'
host_alias=''
host_cpu='i686'
host_os='linux-gnu'
host_vendor='pc'
htmldir='${docdir}'
includedir='${prefix}/include'
infodir='${datarootdir}/info'
libdir='${exec_prefix}/lib'
libexecdir='${exec_prefix}/libexec'
localedir='${datarootdir}/locale'
localstatedir='${prefix}/var'
mandir='${datarootdir}/man'
oldincludedir='/usr/include'
pdfdir='${docdir}'
prefix='/usr/local'
program_transform_name='s,x,x,'
psdir='${docdir}'
sbindir='${exec_prefix}/sbin'
sharedstatedir='${prefix}/com'
sysconfdir='${prefix}/etc'
target='i686-pc-linux-gnu'
target_alias=''
target_cpu='i686'
target_os='linux-gnu'
target_vendor='pc'

## ----------- ##
## confdefs.h. ##
## ----------- ##

#define PACKAGE_NAME "cyclone"
#define PACKAGE_TARNAME "-cyclone-"
#define PACKAGE_VERSION "1.0"
#define PACKAGE_STRING "cyclone 1.0"
#define PACKAGE_BUGREPORT "cyclone-bugs-l@lists.cs.cornell.edu"
#define STDC_HEADERS 1
#define HAVE_SYS_TYPES_H 1
#define HAVE_SYS_STAT_H 1
#define HAVE_STDLIB_H 1
#define HAVE_STRING_H 1
#define HAVE_MEMORY_H 1
#define HAVE_STRINGS_H 1
#define HAVE_INTTYPES_H 1
#define HAVE_STDINT_H 1
#define HAVE_UNISTD_H 1
#define SIZEOF_CHAR 1
#define SIZEOF_SHORT 2
#define SIZEOF_INT 4
#define SIZEOF_LONG 4
#define SIZEOF_LONG_LONG 8
#define SIZEOF_VOID_P 4
#define SIZEOF_WCHAR_T 4

configure: exit 0
